2015/07/08 16:46:23	MAC-PC    	127.0.0.1       	ERR	PsBasicInfoDetail.GetPatientBasicInfoDetail                 	数据库操作异常！ error information : [SQLCODE: <-400>:<Fatal error occurred>]
[Cache Error: <<SUBSCRIPT>GetName+4^Cm.MstHypertensionDrug ^Cm.MstHypertensionDrugD("")>]
[Location: <SPFetch>]
   at InterSystems.Data.CacheClient.CacheCommand.ExecuteReaderObject(CommandBehavior behavior, String method)
   at InterSystems.Data.CacheClient.CacheCommand.ExecuteReader()
   at WebService.DataMethod.PsBasicInfoDetail.GetPatientBasicInfoDetail(DataConnection pclsCache, String UserId, String CategoryCode) in C:\Users\MAC\Desktop\Github\WebService\DataMethod\PsBasicInfoDetail.cs:line 214
2015/07/08 16:46:23	MAC-PC    	127.0.0.1       	ERR	GetPatBasicInfoDtlList                                      	WebService调用异常！ error information : 'table' argument cannot be null.
Parameter name: table
   at System.Data.DataTableCollection.BaseAdd(DataTable table)
   at System.Data.DataTableCollection.Add(DataTable table)
   at WebService.Services.GetPatBasicInfoDtlList(String UserId) in C:\Users\MAC\Desktop\Github\WebService\Services.asmx.cs:line 5447
2015/07/08 16:54:11	MAC-PC    	127.0.0.1       	ERR	PsBasicInfoDetail.GetPatientBasicInfoDetail                 	数据库操作异常！ error information : [SQLCODE: <-400>:<Fatal error occurred>]
[Cache Error: <<SUBSCRIPT>GetName+4^Cm.MstHypertensionDrug ^Cm.MstHypertensionDrugD("")>]
[Location: <SPFetch>]
   at InterSystems.Data.CacheClient.CacheCommand.ExecuteReaderObject(CommandBehavior behavior, String method)
   at InterSystems.Data.CacheClient.CacheCommand.ExecuteReader()
   at WebService.DataMethod.PsBasicInfoDetail.GetPatientBasicInfoDetail(DataConnection pclsCache, String UserId, String CategoryCode) in C:\Users\MAC\Desktop\Github\WebService\DataMethod\PsBasicInfoDetail.cs:line 214
2015/07/08 16:54:11	MAC-PC    	127.0.0.1       	ERR	GetPatBasicInfoDtlList                                      	WebService调用异常！ error information : 'table' argument cannot be null.
Parameter name: table
   at System.Data.DataTableCollection.BaseAdd(DataTable table)
   at System.Data.DataTableCollection.Add(DataTable table)
   at WebService.Services.GetPatBasicInfoDtlList(String UserId) in C:\Users\MAC\Desktop\Github\WebService\Services.asmx.cs:line 5447
2015/07/08 16:56:56	MAC-PC    	127.0.0.1       	ERR	PsBasicInfoDetail.GetPatientBasicInfoDetail                 	数据库操作异常！ error information : [SQLCODE: <-400>:<Fatal error occurred>]
[Cache Error: <<SUBSCRIPT>GetName+4^Cm.MstHypertensionDrug ^Cm.MstHypertensionDrugD("")>]
[Location: <SPFetch>]
   at InterSystems.Data.CacheClient.CacheCommand.ExecuteReaderObject(CommandBehavior behavior, String method)
   at InterSystems.Data.CacheClient.CacheCommand.ExecuteReader()
   at WebService.DataMethod.PsBasicInfoDetail.GetPatientBasicInfoDetail(DataConnection pclsCache, String UserId, String CategoryCode) in C:\Users\MAC\Desktop\Github\WebService\DataMethod\PsBasicInfoDetail.cs:line 214
2015/07/08 16:56:56	MAC-PC    	127.0.0.1       	ERR	GetPatBasicInfoDtlList                                      	WebService调用异常！ error information : 'table' argument cannot be null.
Parameter name: table
   at System.Data.DataTableCollection.BaseAdd(DataTable table)
   at System.Data.DataTableCollection.Add(DataTable table)
   at WebService.Services.GetPatBasicInfoDtlList(String UserId) in C:\Users\MAC\Desktop\Github\WebService\Services.asmx.cs:line 5447
2015/07/08 17:01:35	MAC-PC    	127.0.0.1       	ERR	PsBasicInfoDetail.GetPatientBasicInfoDetail                 	数据库操作异常！ error information : [SQLCODE: <-400>:<Fatal error occurred>]
[Cache Error: <<SUBSCRIPT>GetName+4^Cm.MstHypertensionDrug ^Cm.MstHypertensionDrugD("")>]
[Location: <SPFetch>]
   at InterSystems.Data.CacheClient.CacheCommand.ExecuteReaderObject(CommandBehavior behavior, String method)
   at InterSystems.Data.CacheClient.CacheCommand.ExecuteReader()
   at WebService.DataMethod.PsBasicInfoDetail.GetPatientBasicInfoDetail(DataConnection pclsCache, String UserId, String CategoryCode) in C:\Users\MAC\Desktop\Github\WebService\DataMethod\PsBasicInfoDetail.cs:line 214
2015/07/08 17:01:35	MAC-PC    	127.0.0.1       	ERR	GetPatBasicInfoDtlList                                      	WebService调用异常！ error information : 'table' argument cannot be null.
Parameter name: table
   at System.Data.DataTableCollection.BaseAdd(DataTable table)
   at System.Data.DataTableCollection.Add(DataTable table)
   at WebService.Services.GetPatBasicInfoDtlList(String UserId) in C:\Users\MAC\Desktop\Github\WebService\Services.asmx.cs:line 5447
2015/07/08 17:09:57	MAC-PC    	127.0.0.1       	ERR	PsBasicInfoDetail.GetPatientBasicInfoDetail                 	数据库操作异常！ error information : [SQLCODE: <-400>:<Fatal error occurred>]
[Cache Error: <<SUBSCRIPT>GetName+4^Cm.MstHypertensionDrug ^Cm.MstHypertensionDrugD("")>]
[Location: <SPFetch>]
   at InterSystems.Data.CacheClient.CacheCommand.ExecuteReaderObject(CommandBehavior behavior, String method)
   at InterSystems.Data.CacheClient.CacheCommand.ExecuteReader()
   at WebService.DataMethod.PsBasicInfoDetail.GetPatientBasicInfoDetail(DataConnection pclsCache, String UserId, String CategoryCode) in C:\Users\MAC\Desktop\Github\WebService\DataMethod\PsBasicInfoDetail.cs:line 214
2015/07/08 17:09:57	MAC-PC    	127.0.0.1       	ERR	GetPatBasicInfoDtlList                                      	WebService调用异常！ error information : 'table' argument cannot be null.
Parameter name: table
   at System.Data.DataTableCollection.BaseAdd(DataTable table)
   at System.Data.DataTableCollection.Add(DataTable table)
   at WebService.Services.GetPatBasicInfoDtlList(String UserId) in C:\Users\MAC\Desktop\Github\WebService\Services.asmx.cs:line 5447
2015/07/08 17:13:03	MAC-PC    	127.0.0.1       	ERR	PsBasicInfoDetail.GetPatientBasicInfoDetail                 	数据库操作异常！ error information : [SQLCODE: <-400>:<Fatal error occurred>]
[Cache Error: <<SUBSCRIPT>GetName+4^Cm.MstHypertensionDrug ^Cm.MstHypertensionDrugD("")>]
[Location: <SPFetch>]
   at InterSystems.Data.CacheClient.CacheCommand.ExecuteReaderObject(CommandBehavior behavior, String method)
   at InterSystems.Data.CacheClient.CacheCommand.ExecuteReader()
   at WebService.DataMethod.PsBasicInfoDetail.GetPatientBasicInfoDetail(DataConnection pclsCache, String UserId, String CategoryCode) in C:\Users\MAC\Desktop\Github\WebService\DataMethod\PsBasicInfoDetail.cs:line 214
2015/07/08 17:13:03	MAC-PC    	127.0.0.1       	ERR	GetPatBasicInfoDtlList                                      	WebService调用异常！ error information : 'table' argument cannot be null.
Parameter name: table
   at System.Data.DataTableCollection.BaseAdd(DataTable table)
   at System.Data.DataTableCollection.Add(DataTable table)
   at WebService.Services.GetPatBasicInfoDtlList(String UserId) in C:\Users\MAC\Desktop\Github\WebService\Services.asmx.cs:line 5447
2015/07/08 17:15:07	MAC-PC    	127.0.0.1       	ERR	PsBasicInfoDetail.GetPatientBasicInfoDetail                 	数据库操作异常！ error information : [SQLCODE: <-400>:<Fatal error occurred>]
[Cache Error: <<SUBSCRIPT>GetName+4^Cm.MstHypertensionDrug ^Cm.MstHypertensionDrugD("")>]
[Location: <SPFetch>]
   at InterSystems.Data.CacheClient.CacheCommand.ExecuteReaderObject(CommandBehavior behavior, String method)
   at InterSystems.Data.CacheClient.CacheCommand.ExecuteReader()
   at WebService.DataMethod.PsBasicInfoDetail.GetPatientBasicInfoDetail(DataConnection pclsCache, String UserId, String CategoryCode) in C:\Users\MAC\Desktop\Github\WebService\DataMethod\PsBasicInfoDetail.cs:line 214
2015/07/08 17:15:07	MAC-PC    	127.0.0.1       	ERR	GetPatBasicInfoDtlList                                      	WebService调用异常！ error information : 'table' argument cannot be null.
Parameter name: table
   at System.Data.DataTableCollection.BaseAdd(DataTable table)
   at System.Data.DataTableCollection.Add(DataTable table)
   at WebService.Services.GetPatBasicInfoDtlList(String UserId) in C:\Users\MAC\Desktop\Github\WebService\Services.asmx.cs:line 5447
2015/07/08 18:10:04	MAC-PC    	127.0.0.1       	ERR	PsBasicInfoDetail.GetPatientBasicInfoDetail                 	数据库操作异常！ error information : [SQLCODE: <-400>:<Fatal error occurred>]
[Cache Error: <<SUBSCRIPT>GetName+4^Cm.MstHypertensionDrug ^Cm.MstHypertensionDrugD("")>]
[Location: <SPFetch>]
   at InterSystems.Data.CacheClient.CacheCommand.ExecuteReaderObject(CommandBehavior behavior, String method)
   at InterSystems.Data.CacheClient.CacheCommand.ExecuteReader()
   at WebService.DataMethod.PsBasicInfoDetail.GetPatientBasicInfoDetail(DataConnection pclsCache, String UserId, String CategoryCode) in C:\Users\MAC\Desktop\Github\WebService\DataMethod\PsBasicInfoDetail.cs:line 214
2015/07/08 18:10:04	MAC-PC    	127.0.0.1       	ERR	GetPatBasicInfoDtlList                                      	WebService调用异常！ error information : 'table' argument cannot be null.
Parameter name: table
   at System.Data.DataTableCollection.BaseAdd(DataTable table)
   at System.Data.DataTableCollection.Add(DataTable table)
   at WebService.Services.GetPatBasicInfoDtlList(String UserId) in C:\Users\MAC\Desktop\Github\WebService\Services.asmx.cs:line 5447
2015/07/08 18:33:20	MAC-PC    	127.0.0.1       	ERR	PsBasicInfoDetail.GetPatientBasicInfoDetail                 	数据库操作异常！ error information : [SQLCODE: <-400>:<Fatal error occurred>]
[Cache Error: <<SUBSCRIPT>GetName+4^Cm.MstHypertensionDrug ^Cm.MstHypertensionDrugD("")>]
[Location: <SPFetch>]
   at InterSystems.Data.CacheClient.CacheCommand.ExecuteReaderObject(CommandBehavior behavior, String method)
   at InterSystems.Data.CacheClient.CacheCommand.ExecuteReader()
   at WebService.DataMethod.PsBasicInfoDetail.GetPatientBasicInfoDetail(DataConnection pclsCache, String UserId, String CategoryCode) in C:\Users\MAC\Desktop\Github\WebService\DataMethod\PsBasicInfoDetail.cs:line 214
2015/07/08 18:33:20	MAC-PC    	127.0.0.1       	ERR	GetPatBasicInfoDtlList                                      	WebService调用异常！ error information : 'table' argument cannot be null.
Parameter name: table
   at System.Data.DataTableCollection.BaseAdd(DataTable table)
   at System.Data.DataTableCollection.Add(DataTable table)
   at WebService.Services.GetPatBasicInfoDtlList(String UserId) in C:\Users\MAC\Desktop\Github\WebService\Services.asmx.cs:line 5447
