2015/04/22 21:49:08	zc-PC     	::1             	ERR	GetImplementationForPad                                     	WebService调用异常！ error information : 正在中止线程。
   在 System.Threading.Thread.AbortInternal()
   在 System.Threading.Thread.Abort(Object stateInfo)
   在 System.Web.HttpResponse.AbortCurrentThread()
   在 System.Web.HttpResponse.End()
   在 WebService.Services.GetImplementationForPadFirst(String PatientId, String Module) 位置 D:\实验室\慢病管理\WebService\WebService\Services.asmx.cs:行号 6781
2015/04/22 21:49:30	zc-PC     	::1             	ERR	GetImplementationForPad                                     	WebService调用异常！ error information : 正在中止线程。
   在 System.Threading.Thread.AbortInternal()
   在 System.Threading.Thread.Abort(Object stateInfo)
   在 System.Web.HttpResponse.AbortCurrentThread()
   在 System.Web.HttpResponse.End()
   在 WebService.Services.GetImplementationForPadSecond(String PatientId, String PlanNo) 位置 D:\实验室\慢病管理\WebService\WebService\Services.asmx.cs:行号 6997
2015/04/22 21:49:55	zc-PC     	::1             	ERR	GetImplementationForPhone                                   	WebService调用异常！ error information : 正在中止线程。
   在 System.Threading.Thread.AbortInternal()
   在 System.Threading.Thread.Abort(Object stateInfo)
   在 System.Web.HttpResponse.AbortCurrentThread()
   在 System.Web.HttpResponse.End()
   在 WebService.Services.GetImplementationForPhone(String PatientId, String Module) 位置 D:\实验室\慢病管理\WebService\WebService\Services.asmx.cs:行号 7220
2015/04/22 21:50:43	zc-PC     	::1             	ERR	GetBPDetailByPeriod                                         	WebService调用异常！ error information : 正在中止线程。
   在 System.Threading.Thread.AbortInternal()
   在 System.Threading.Thread.Abort(Object stateInfo)
   在 System.Web.HttpResponse.AbortCurrentThread()
   在 System.Web.HttpResponse.End()
   在 WebService.Services.GetBPDetailByPeriod(String PatientId, String ItemType, Int32 StartDate, Int32 EndDate) 位置 D:\实验室\慢病管理\WebService\WebService\Services.asmx.cs:行号 7324
2015/04/22 22:35:12	zc-PC     	::1             	ERR	GetDateTimebyNow                                            	WebService调用异常！ error information : 索引和长度必须引用该字符串内的位置。
参数名: length
   在 System.String.InternalSubStringWithChecks(Int32 startIndex, Int32 length, Boolean fAlwaysCopy)
   在 System.String.Substring(Int32 startIndex, Int32 length)
   在 WebService.Services.GetDateTimebyNow() 位置 D:\实验室\慢病管理\WebService\WebService\Services.asmx.cs:行号 7392
2015/04/22 22:36:34	zc-PC     	::1             	ERR	GetDateTimebyNow                                            	WebService调用异常！ error information : 索引和长度必须引用该字符串内的位置。
参数名: length
   在 System.String.InternalSubStringWithChecks(Int32 startIndex, Int32 length, Boolean fAlwaysCopy)
   在 System.String.Substring(Int32 startIndex, Int32 length)
   在 WebService.Services.GetDateTimebyNow() 位置 D:\实验室\慢病管理\WebService\WebService\Services.asmx.cs:行号 7392
