2015/04/27 13:14:57	zc-PC     	::1             	ERR	GetImplementationForPhone                                   	WebService调用异常！ error information : 正在中止线程。
   在 System.Threading.Thread.AbortInternal()
   在 System.Threading.Thread.Abort(Object stateInfo)
   在 System.Web.HttpResponse.AbortCurrentThread()
   在 System.Web.HttpResponse.End()
   在 WebService.Services.GetImplementationForPhone(String PatientId, String Module) 位置 D:\实验室\慢病管理\WebService\WebService\Services.asmx.cs:行号 7717
2015/04/27 13:15:17	zc-PC     	::1             	ERR	GetImplementationForPhone                                   	WebService调用异常！ error information : 正在中止线程。
   在 System.Threading.Thread.AbortInternal()
   在 System.Threading.Thread.Abort(Object stateInfo)
   在 System.Web.HttpResponse.AbortCurrentThread()
   在 System.Web.HttpResponse.End()
   在 WebService.Services.GetImplementationForPhone(String PatientId, String Module) 位置 D:\实验室\慢病管理\WebService\WebService\Services.asmx.cs:行号 7717
2015/04/27 13:15:44	zc-PC     	::1             	ERR	GetImplementationForPad                                     	WebService调用异常！ error information : 正在中止线程。
   在 System.Threading.Thread.AbortInternal()
   在 System.Threading.Thread.Abort(Object stateInfo)
   在 System.Web.HttpResponse.AbortCurrentThread()
   在 System.Web.HttpResponse.End()
   在 WebService.Services.GetImplementationForPadFirst(String PatientId, String Module) 位置 D:\实验室\慢病管理\WebService\WebService\Services.asmx.cs:行号 7278
2015/04/27 13:15:49	zc-PC     	::1             	ERR	GetImplementationForPhone                                   	WebService调用异常！ error information : 正在中止线程。
   在 System.Threading.Thread.AbortInternal()
   在 System.Threading.Thread.Abort(Object stateInfo)
   在 System.Web.HttpResponse.AbortCurrentThread()
   在 System.Web.HttpResponse.End()
   在 WebService.Services.GetImplementationForPhone(String PatientId, String Module) 位置 D:\实验室\慢病管理\WebService\WebService\Services.asmx.cs:行号 7717
2015/04/27 13:15:54	zc-PC     	::1             	ERR	GetImplementationForPhone                                   	WebService调用异常！ error information : 正在中止线程。
   在 System.Threading.Thread.AbortInternal()
   在 System.Threading.Thread.Abort(Object stateInfo)
   在 System.Web.HttpResponse.AbortCurrentThread()
   在 System.Web.HttpResponse.End()
   在 WebService.Services.GetImplementationForPhone(String PatientId, String Module) 位置 D:\实验室\慢病管理\WebService\WebService\Services.asmx.cs:行号 7717
2015/04/27 13:15:59	zc-PC     	::1             	ERR	GetImplementationForPhone                                   	WebService调用异常！ error information : 正在中止线程。
   在 System.Threading.Thread.AbortInternal()
   在 System.Threading.Thread.Abort(Object stateInfo)
   在 System.Web.HttpResponse.AbortCurrentThread()
   在 System.Web.HttpResponse.End()
   在 WebService.Services.GetImplementationForPhone(String PatientId, String Module) 位置 D:\实验室\慢病管理\WebService\WebService\Services.asmx.cs:行号 7717
2015/04/27 13:18:08	zc-PC     	::1             	ERR	GetImplementationForPhone                                   	WebService调用异常！ error information : 正在中止线程。
   在 System.Threading.Thread.AbortInternal()
   在 System.Threading.Thread.Abort(Object stateInfo)
   在 System.Web.HttpResponse.AbortCurrentThread()
   在 System.Web.HttpResponse.End()
   在 WebService.Services.GetImplementationForPhone(String PatientId, String Module) 位置 D:\实验室\慢病管理\WebService\WebService\Services.asmx.cs:行号 7717
2015/04/27 13:19:18	zc-PC     	::1             	ERR	GetImplementationForPad                                     	WebService调用异常！ error information : 正在中止线程。
   在 System.Threading.Thread.AbortInternal()
   在 System.Threading.Thread.Abort(Object stateInfo)
   在 System.Web.HttpResponse.AbortCurrentThread()
   在 System.Web.HttpResponse.End()
   在 WebService.Services.GetImplementationForPadSecond(String PatientId, String PlanNo) 位置 D:\实验室\慢病管理\WebService\WebService\Services.asmx.cs:行号 7495
2015/04/27 13:19:25	zc-PC     	::1             	ERR	GetImplementationForPad                                     	WebService调用异常！ error information : 正在中止线程。
   在 System.Threading.Thread.AbortInternal()
   在 System.Threading.Thread.Abort(Object stateInfo)
   在 System.Web.HttpResponse.AbortCurrentThread()
   在 System.Web.HttpResponse.End()
   在 WebService.Services.GetImplementationForPadSecond(String PatientId, String PlanNo) 位置 D:\实验室\慢病管理\WebService\WebService\Services.asmx.cs:行号 7495
2015/04/27 13:19:29	zc-PC     	::1             	ERR	GetImplementationForPad                                     	WebService调用异常！ error information : 正在中止线程。
   在 System.Threading.Thread.AbortInternal()
   在 System.Threading.Thread.Abort(Object stateInfo)
   在 System.Web.HttpResponse.AbortCurrentThread()
   在 System.Web.HttpResponse.End()
   在 WebService.Services.GetImplementationForPadSecond(String PatientId, String PlanNo) 位置 D:\实验室\慢病管理\WebService\WebService\Services.asmx.cs:行号 7495
2015/04/27 13:19:33	zc-PC     	::1             	ERR	GetImplementationForPad                                     	WebService调用异常！ error information : 正在中止线程。
   在 System.Threading.Thread.AbortInternal()
   在 System.Threading.Thread.Abort(Object stateInfo)
   在 System.Web.HttpResponse.AbortCurrentThread()
   在 System.Web.HttpResponse.End()
   在 WebService.Services.GetImplementationForPadSecond(String PatientId, String PlanNo) 位置 D:\实验室\慢病管理\WebService\WebService\Services.asmx.cs:行号 7495
2015/04/27 13:19:43	zc-PC     	::1             	ERR	GetImplementationForPhone                                   	WebService调用异常！ error information : 正在中止线程。
   在 System.Threading.Thread.AbortInternal()
   在 System.Threading.Thread.Abort(Object stateInfo)
   在 System.Web.HttpResponse.AbortCurrentThread()
   在 System.Web.HttpResponse.End()
   在 WebService.Services.GetImplementationForPhone(String PatientId, String Module) 位置 D:\实验室\慢病管理\WebService\WebService\Services.asmx.cs:行号 7717
2015/04/27 13:23:18	zc-PC     	::1             	ERR	GetImplementationForPad                                     	WebService调用异常！ error information : 正在中止线程。
   在 System.Threading.Thread.AbortInternal()
   在 System.Threading.Thread.Abort(Object stateInfo)
   在 System.Web.HttpResponse.AbortCurrentThread()
   在 System.Web.HttpResponse.End()
   在 WebService.Services.GetImplementationForPadSecond(String PatientId, String PlanNo) 位置 D:\实验室\慢病管理\WebService\WebService\Services.asmx.cs:行号 7495
2015/04/27 13:24:11	zc-PC     	::1             	ERR	GetImplementationForPad                                     	WebService调用异常！ error information : 正在中止线程。
   在 System.Threading.Thread.AbortInternal()
   在 System.Threading.Thread.Abort(Object stateInfo)
   在 System.Web.HttpResponse.AbortCurrentThread()
   在 System.Web.HttpResponse.End()
   在 WebService.Services.GetImplementationForPadSecond(String PatientId, String PlanNo) 位置 D:\实验室\慢病管理\WebService\WebService\Services.asmx.cs:行号 7495
