2015/04/24 14:00:31	zc-PC     	::1             	ERR	Ps.Task.GetPsTask                                           	数据库操作异常！ error information : [SQLCODE: <-400>:<Fatal error occurred>]
[Cache Error: <<UNDEFINED>GetPsTask+25^Ps.Task *LifeStyleData>]
[Location: <SPFetch>]
   在 InterSystems.Data.CacheClient.CacheCommand.ExecuteReaderObject(CommandBehavior behavior, String method)
   在 InterSystems.Data.CacheClient.CacheCommand.ExecuteReader()
   在 WebService.DataMethod.PsTask.GetPsTask(DataConnection pclsCache, String PlanNo) 位置 D:\实验室\慢病管理\WebService\WebService\DataMethod\PsTask.cs:行号 112
2015/04/24 14:00:31	zc-PC     	::1             	ERR	SetPsTask                                                   	WebService调用异常！ error information : 未将对象引用设置到对象的实例。
   在 WebService.Services.CreateTask(String PlanNo, String Task, String UserId, String TerminalName, String TerminalIP, Int32 DeviceType) 位置 D:\实验室\慢病管理\WebService\WebService\Services.asmx.cs:行号 6801
2015/04/24 14:00:55	zc-PC     	::1             	ERR	Ps.Task.GetPsTask                                           	数据库操作异常！ error information : [SQLCODE: <-400>:<Fatal error occurred>]
[Cache Error: <<UNDEFINED>GetPsTask+25^Ps.Task *LifeStyleData>]
[Location: <SPFetch>]
   在 InterSystems.Data.CacheClient.CacheCommand.ExecuteReaderObject(CommandBehavior behavior, String method)
   在 InterSystems.Data.CacheClient.CacheCommand.ExecuteReader()
   在 WebService.DataMethod.PsTask.GetPsTask(DataConnection pclsCache, String PlanNo) 位置 D:\实验室\慢病管理\WebService\WebService\DataMethod\PsTask.cs:行号 112
2015/04/24 14:00:55	zc-PC     	::1             	ERR	SetPsTask                                                   	WebService调用异常！ error information : 未将对象引用设置到对象的实例。
   在 WebService.Services.CreateTask(String PlanNo, String Task, String UserId, String TerminalName, String TerminalIP, Int32 DeviceType) 位置 D:\实验室\慢病管理\WebService\WebService\Services.asmx.cs:行号 6801
2015/04/24 14:01:14	zc-PC     	::1             	ERR	Ps.Task.GetPsTask                                           	数据库操作异常！ error information : [SQLCODE: <-400>:<Fatal error occurred>]
[Cache Error: <<UNDEFINED>GetPsTask+25^Ps.Task *LifeStyleData>]
[Location: <SPFetch>]
   在 InterSystems.Data.CacheClient.CacheCommand.ExecuteReaderObject(CommandBehavior behavior, String method)
   在 InterSystems.Data.CacheClient.CacheCommand.ExecuteReader()
   在 WebService.DataMethod.PsTask.GetPsTask(DataConnection pclsCache, String PlanNo) 位置 D:\实验室\慢病管理\WebService\WebService\DataMethod\PsTask.cs:行号 112
2015/04/24 14:08:13	zc-PC     	::1             	ERR	SetPsTask                                                   	WebService调用异常！ error information : 未将对象引用设置到对象的实例。
   在 WebService.Services.CreateTask(String PlanNo, String Task, String UserId, String TerminalName, String TerminalIP, Int32 DeviceType) 位置 D:\实验室\慢病管理\WebService\WebService\Services.asmx.cs:行号 6801
2015/04/24 21:29:16	zc-PC     	::1             	ERR	PsTarget.GetTargetByCode                                    	数据库操作异常！ error information : <SUBSCRIPT>GetTargetByCode+9^Ps.Target ^Ps.PlanD("P0001","Target","")
   在 InterSystems.Data.CacheClient.CacheConnection.GetCommon()
   在 InterSystems.Data.CacheClient.CacheConnection.MsgRunMethod(Int64 oref, String clsName, String mtdName, CacheMethodSignature s)
   在 InterSystems.Data.CacheClient.CacheConnection.RunClassMethod(String clsName, String mtdName, CacheMethodSignature s)
   在 Ps.Target.GetTargetByCode(CacheConnection conn, String Plan, String Type, String Code)
   在 WebService.DataMethod.PsTarget.GetTargetByCode(DataConnection pclsCache, String PlanNo, String Type, String Code) 位置 D:\实验室\慢病管理\WebService\WebService\DataMethod\PsTarget.cs:行号 209
2015/04/24 21:29:16	zc-PC     	::1             	ERR	PsTarget.GetTargetByCode                                    	数据库操作异常！ error information : <SUBSCRIPT>GetTargetByCode+9^Ps.Target ^Ps.PlanD("P0001","Target","")
   在 InterSystems.Data.CacheClient.CacheConnection.GetCommon()
   在 InterSystems.Data.CacheClient.CacheConnection.MsgRunMethod(Int64 oref, String clsName, String mtdName, CacheMethodSignature s)
   在 InterSystems.Data.CacheClient.CacheConnection.RunClassMethod(String clsName, String mtdName, CacheMethodSignature s)
   在 Ps.Target.GetTargetByCode(CacheConnection conn, String Plan, String Type, String Code)
   在 WebService.DataMethod.PsTarget.GetTargetByCode(DataConnection pclsCache, String PlanNo, String Type, String Code) 位置 D:\实验室\慢病管理\WebService\WebService\DataMethod\PsTarget.cs:行号 209
2015/04/24 21:29:17	zc-PC     	::1             	ERR	GetImplementationForPad                                     	WebService调用异常！ error information : 正在中止线程。
   在 System.Threading.Thread.AbortInternal()
   在 System.Threading.Thread.Abort(Object stateInfo)
   在 System.Web.HttpResponse.AbortCurrentThread()
   在 System.Web.HttpResponse.End()
   在 WebService.Services.GetImplementationForPadFirst(String PatientId, String Module) 位置 D:\实验室\慢病管理\WebService\WebService\Services.asmx.cs:行号 7248
2015/04/24 21:30:08	zc-PC     	::1             	ERR	PsTarget.GetTargetByCode                                    	数据库操作异常！ error information : <SUBSCRIPT>GetTargetByCode+9^Ps.Target ^Ps.PlanD("P0001","Target","")
   在 InterSystems.Data.CacheClient.CacheConnection.GetCommon()
   在 InterSystems.Data.CacheClient.CacheConnection.MsgRunMethod(Int64 oref, String clsName, String mtdName, CacheMethodSignature s)
   在 InterSystems.Data.CacheClient.CacheConnection.RunClassMethod(String clsName, String mtdName, CacheMethodSignature s)
   在 InterSystems.Data.CacheTypes.CacheObject.RunClassMethodS(CacheConnection conn, String clsName, String mtdName, CacheMethodSignature s)
   在 Ps.Target.GetTargetByCode(CacheConnection conn, String Plan, String Type, String Code)
   在 WebService.DataMethod.PsTarget.GetTargetByCode(DataConnection pclsCache, String PlanNo, String Type, String Code) 位置 D:\实验室\慢病管理\WebService\WebService\DataMethod\PsTarget.cs:行号 209
2015/04/24 21:30:08	zc-PC     	::1             	ERR	PsTarget.GetTargetByCode                                    	数据库操作异常！ error information : <SUBSCRIPT>GetTargetByCode+9^Ps.Target ^Ps.PlanD("P0001","Target","")
   在 InterSystems.Data.CacheClient.CacheConnection.GetCommon()
   在 InterSystems.Data.CacheClient.CacheConnection.MsgRunMethod(Int64 oref, String clsName, String mtdName, CacheMethodSignature s)
   在 InterSystems.Data.CacheClient.CacheConnection.RunClassMethod(String clsName, String mtdName, CacheMethodSignature s)
   在 InterSystems.Data.CacheTypes.CacheObject.RunClassMethodS(CacheConnection conn, String clsName, String mtdName, CacheMethodSignature s)
   在 Ps.Target.GetTargetByCode(CacheConnection conn, String Plan, String Type, String Code)
   在 WebService.DataMethod.PsTarget.GetTargetByCode(DataConnection pclsCache, String PlanNo, String Type, String Code) 位置 D:\实验室\慢病管理\WebService\WebService\DataMethod\PsTarget.cs:行号 209
2015/04/24 21:30:39	zc-PC     	::1             	ERR	GetImplementationForPad                                     	WebService调用异常！ error information : 正在中止线程。
   在 System.Threading.Thread.AbortInternal()
   在 System.Threading.Thread.Abort(Object stateInfo)
   在 System.Web.HttpResponse.AbortCurrentThread()
   在 System.Web.HttpResponse.End()
   在 WebService.Services.GetImplementationForPadFirst(String PatientId, String Module) 位置 D:\实验室\慢病管理\WebService\WebService\Services.asmx.cs:行号 7248
2015/04/24 21:31:21	zc-PC     	::1             	ERR	PsTarget.GetTargetByCode                                    	数据库操作异常！ error information : <SUBSCRIPT>GetTargetByCode+9^Ps.Target ^Ps.PlanD("P0001","Target","")
   在 InterSystems.Data.CacheClient.CacheConnection.GetCommon()
   在 InterSystems.Data.CacheClient.CacheConnection.MsgRunMethod(Int64 oref, String clsName, String mtdName, CacheMethodSignature s)
   在 InterSystems.Data.CacheClient.CacheConnection.RunClassMethod(String clsName, String mtdName, CacheMethodSignature s)
   在 InterSystems.Data.CacheTypes.CacheObject.RunClassMethodS(CacheConnection conn, String clsName, String mtdName, CacheMethodSignature s)
   在 Ps.Target.GetTargetByCode(CacheConnection conn, String Plan, String Type, String Code)
   在 WebService.DataMethod.PsTarget.GetTargetByCode(DataConnection pclsCache, String PlanNo, String Type, String Code) 位置 D:\实验室\慢病管理\WebService\WebService\DataMethod\PsTarget.cs:行号 209
2015/04/24 21:31:21	zc-PC     	::1             	ERR	PsTarget.GetTargetByCode                                    	数据库操作异常！ error information : <SUBSCRIPT>GetTargetByCode+9^Ps.Target ^Ps.PlanD("P0001","Target","")
   在 InterSystems.Data.CacheClient.CacheConnection.GetCommon()
   在 InterSystems.Data.CacheClient.CacheConnection.MsgRunMethod(Int64 oref, String clsName, String mtdName, CacheMethodSignature s)
   在 InterSystems.Data.CacheClient.CacheConnection.RunClassMethod(String clsName, String mtdName, CacheMethodSignature s)
   在 InterSystems.Data.CacheTypes.CacheObject.RunClassMethodS(CacheConnection conn, String clsName, String mtdName, CacheMethodSignature s)
   在 Ps.Target.GetTargetByCode(CacheConnection conn, String Plan, String Type, String Code)
   在 WebService.DataMethod.PsTarget.GetTargetByCode(DataConnection pclsCache, String PlanNo, String Type, String Code) 位置 D:\实验室\慢病管理\WebService\WebService\DataMethod\PsTarget.cs:行号 209
2015/04/24 21:31:21	zc-PC     	::1             	ERR	GetImplementationForPad                                     	WebService调用异常！ error information : 正在中止线程。
   在 System.Threading.Thread.AbortInternal()
   在 System.Threading.Thread.Abort(Object stateInfo)
   在 System.Web.HttpResponse.AbortCurrentThread()
   在 System.Web.HttpResponse.End()
   在 WebService.Services.GetImplementationForPadFirst(String PatientId, String Module) 位置 D:\实验室\慢病管理\WebService\WebService\Services.asmx.cs:行号 7248
2015/04/24 21:31:58	zc-PC     	::1             	ERR	PsTarget.GetTargetByCode                                    	数据库操作异常！ error information : <SUBSCRIPT>GetTargetByCode+9^Ps.Target ^Ps.PlanD("P0001","Target","")
   在 InterSystems.Data.CacheClient.CacheConnection.GetCommon()
   在 InterSystems.Data.CacheClient.CacheConnection.MsgRunMethod(Int64 oref, String clsName, String mtdName, CacheMethodSignature s)
   在 InterSystems.Data.CacheClient.CacheConnection.RunClassMethod(String clsName, String mtdName, CacheMethodSignature s)
   在 InterSystems.Data.CacheTypes.CacheObject.RunClassMethodS(CacheConnection conn, String clsName, String mtdName, CacheMethodSignature s)
   在 Ps.Target.GetTargetByCode(CacheConnection conn, String Plan, String Type, String Code)
   在 WebService.DataMethod.PsTarget.GetTargetByCode(DataConnection pclsCache, String PlanNo, String Type, String Code) 位置 D:\实验室\慢病管理\WebService\WebService\DataMethod\PsTarget.cs:行号 209
2015/04/24 21:31:58	zc-PC     	::1             	ERR	PsTarget.GetTargetByCode                                    	数据库操作异常！ error information : <SUBSCRIPT>GetTargetByCode+9^Ps.Target ^Ps.PlanD("P0001","Target","")
   在 InterSystems.Data.CacheClient.CacheConnection.GetCommon()
   在 InterSystems.Data.CacheClient.CacheConnection.MsgRunMethod(Int64 oref, String clsName, String mtdName, CacheMethodSignature s)
   在 InterSystems.Data.CacheClient.CacheConnection.RunClassMethod(String clsName, String mtdName, CacheMethodSignature s)
   在 InterSystems.Data.CacheTypes.CacheObject.RunClassMethodS(CacheConnection conn, String clsName, String mtdName, CacheMethodSignature s)
   在 Ps.Target.GetTargetByCode(CacheConnection conn, String Plan, String Type, String Code)
   在 WebService.DataMethod.PsTarget.GetTargetByCode(DataConnection pclsCache, String PlanNo, String Type, String Code) 位置 D:\实验室\慢病管理\WebService\WebService\DataMethod\PsTarget.cs:行号 209
2015/04/24 21:37:20	zc-PC     	::1             	ERR	GetImplementationForPad                                     	WebService调用异常！ error information : 正在中止线程。
   在 System.Threading.Thread.AbortInternal()
   在 System.Threading.Thread.Abort(Object stateInfo)
   在 System.Web.HttpResponse.AbortCurrentThread()
   在 System.Web.HttpResponse.End()
   在 WebService.Services.GetImplementationForPadFirst(String PatientId, String Module) 位置 D:\实验室\慢病管理\WebService\WebService\Services.asmx.cs:行号 7248
2015/04/24 21:55:03	zc-PC     	::1             	ERR	PsTarget.GetTargetByCode                                    	数据库操作异常！ error information : <SUBSCRIPT>GetTargetByCode+9^Ps.Target ^Ps.PlanD("P0001","Target","")
   在 InterSystems.Data.CacheClient.CacheConnection.GetCommon()
   在 InterSystems.Data.CacheClient.CacheConnection.MsgRunMethod(Int64 oref, String clsName, String mtdName, CacheMethodSignature s)
   在 InterSystems.Data.CacheClient.CacheConnection.RunClassMethod(String clsName, String mtdName, CacheMethodSignature s)
   在 InterSystems.Data.CacheTypes.CacheObject.RunClassMethodS(CacheConnection conn, String clsName, String mtdName, CacheMethodSignature s)
   在 Ps.Target.GetTargetByCode(CacheConnection conn, String Plan, String Type, String Code)
   在 WebService.DataMethod.PsTarget.GetTargetByCode(DataConnection pclsCache, String PlanNo, String Type, String Code) 位置 D:\实验室\慢病管理\WebService\WebService\DataMethod\PsTarget.cs:行号 209
2015/04/24 21:55:03	zc-PC     	::1             	ERR	PsTarget.GetTargetByCode                                    	数据库操作异常！ error information : <SUBSCRIPT>GetTargetByCode+9^Ps.Target ^Ps.PlanD("P0001","Target","")
   在 InterSystems.Data.CacheClient.CacheConnection.GetCommon()
   在 InterSystems.Data.CacheClient.CacheConnection.MsgRunMethod(Int64 oref, String clsName, String mtdName, CacheMethodSignature s)
   在 InterSystems.Data.CacheClient.CacheConnection.RunClassMethod(String clsName, String mtdName, CacheMethodSignature s)
   在 InterSystems.Data.CacheTypes.CacheObject.RunClassMethodS(CacheConnection conn, String clsName, String mtdName, CacheMethodSignature s)
   在 Ps.Target.GetTargetByCode(CacheConnection conn, String Plan, String Type, String Code)
   在 WebService.DataMethod.PsTarget.GetTargetByCode(DataConnection pclsCache, String PlanNo, String Type, String Code) 位置 D:\实验室\慢病管理\WebService\WebService\DataMethod\PsTarget.cs:行号 209
2015/04/24 21:55:14	zc-PC     	::1             	ERR	PsTarget.GetTargetByCode                                    	数据库操作异常！ error information : <SUBSCRIPT>GetTargetByCode+9^Ps.Target ^Ps.PlanD("P0001","Target","")
   在 InterSystems.Data.CacheClient.CacheConnection.GetCommon()
   在 InterSystems.Data.CacheClient.CacheConnection.MsgRunMethod(Int64 oref, String clsName, String mtdName, CacheMethodSignature s)
   在 InterSystems.Data.CacheClient.CacheConnection.RunClassMethod(String clsName, String mtdName, CacheMethodSignature s)
   在 InterSystems.Data.CacheTypes.CacheObject.RunClassMethodS(CacheConnection conn, String clsName, String mtdName, CacheMethodSignature s)
   在 Ps.Target.GetTargetByCode(CacheConnection conn, String Plan, String Type, String Code)
   在 WebService.DataMethod.PsTarget.GetTargetByCode(DataConnection pclsCache, String PlanNo, String Type, String Code) 位置 D:\实验室\慢病管理\WebService\WebService\DataMethod\PsTarget.cs:行号 209
2015/04/24 21:55:14	zc-PC     	::1             	ERR	PsTarget.GetTargetByCode                                    	数据库操作异常！ error information : <SUBSCRIPT>GetTargetByCode+9^Ps.Target ^Ps.PlanD("P0001","Target","")
   在 InterSystems.Data.CacheClient.CacheConnection.GetCommon()
   在 InterSystems.Data.CacheClient.CacheConnection.MsgRunMethod(Int64 oref, String clsName, String mtdName, CacheMethodSignature s)
   在 InterSystems.Data.CacheClient.CacheConnection.RunClassMethod(String clsName, String mtdName, CacheMethodSignature s)
   在 InterSystems.Data.CacheTypes.CacheObject.RunClassMethodS(CacheConnection conn, String clsName, String mtdName, CacheMethodSignature s)
   在 Ps.Target.GetTargetByCode(CacheConnection conn, String Plan, String Type, String Code)
   在 WebService.DataMethod.PsTarget.GetTargetByCode(DataConnection pclsCache, String PlanNo, String Type, String Code) 位置 D:\实验室\慢病管理\WebService\WebService\DataMethod\PsTarget.cs:行号 209
2015/04/24 22:01:25	zc-PC     	::1             	ERR	PsTarget.GetTargetByCode                                    	数据库操作异常！ error information : <SUBSCRIPT>GetTargetByCode+9^Ps.Target ^Ps.PlanD("P0001","Target","")
   在 InterSystems.Data.CacheClient.CacheConnection.GetCommon()
   在 InterSystems.Data.CacheClient.CacheConnection.MsgRunMethod(Int64 oref, String clsName, String mtdName, CacheMethodSignature s)
   在 InterSystems.Data.CacheClient.CacheConnection.RunClassMethod(String clsName, String mtdName, CacheMethodSignature s)
   在 InterSystems.Data.CacheTypes.CacheObject.RunClassMethodS(CacheConnection conn, String clsName, String mtdName, CacheMethodSignature s)
   在 Ps.Target.GetTargetByCode(CacheConnection conn, String Plan, String Type, String Code)
   在 WebService.DataMethod.PsTarget.GetTargetByCode(DataConnection pclsCache, String PlanNo, String Type, String Code) 位置 D:\实验室\慢病管理\WebService\WebService\DataMethod\PsTarget.cs:行号 209
2015/04/24 22:01:25	zc-PC     	::1             	ERR	PsTarget.GetTargetByCode                                    	数据库操作异常！ error information : <SUBSCRIPT>GetTargetByCode+9^Ps.Target ^Ps.PlanD("P0001","Target","")
   在 InterSystems.Data.CacheClient.CacheConnection.GetCommon()
   在 InterSystems.Data.CacheClient.CacheConnection.MsgRunMethod(Int64 oref, String clsName, String mtdName, CacheMethodSignature s)
   在 InterSystems.Data.CacheClient.CacheConnection.RunClassMethod(String clsName, String mtdName, CacheMethodSignature s)
   在 InterSystems.Data.CacheTypes.CacheObject.RunClassMethodS(CacheConnection conn, String clsName, String mtdName, CacheMethodSignature s)
   在 Ps.Target.GetTargetByCode(CacheConnection conn, String Plan, String Type, String Code)
   在 WebService.DataMethod.PsTarget.GetTargetByCode(DataConnection pclsCache, String PlanNo, String Type, String Code) 位置 D:\实验室\慢病管理\WebService\WebService\DataMethod\PsTarget.cs:行号 209
